# JRE version: OpenJDK Runtime Environment Temurin-21.0.8+9 (21.0.8+9) (build 21.0.8+9-LTS)
# Java VM: OpenJDK 64-Bit Server VM Temurin-21.0.8+9 (21.0.8+9-LTS, mixed mode, sharing, tiered, compressed oops, compressed class ptrs, parallel gc, windows-amd64)
GC Precious Log:
 CardTable entry size: 512
 CPUs: 6 total, 6 available
 Memory: 8127M
 Large Page Support: Disabled
 NUMA Support: Disabled
 Compressed Oops: Enabled (32-bit)
 Alignments: Space 512K, Generation 512K, Heap 2M
 Heap Min Capacity: 100M
 Heap Initial Capacity: 100M
 Heap Max Capacity: 2G
 Pre-touch: Disabled
 Parallel Workers: 6
Heap:
 PSYoungGen      total 2048K, used 1984K [0x00000000d5580000, 0x00000000d5880000, 0x0000000100000000)
  eden space 1024K, 100% used [0x00000000d5580000,0x00000000d5680000,0x00000000d5680000)
  from space 1024K, 93% used [0x00000000d5680000,0x00000000d5770000,0x00000000d5780000)
  to   space 1024K, 96% used [0x00000000d5780000,0x00000000d5878000,0x00000000d5880000)
 ParOldGen       total 401408K, used 401038K [0x0000000080000000, 0x0000000098800000, 0x00000000d5580000)
  object space 401408K, 99% used [0x0000000080000000,0x00000000987a3bd0,0x0000000098800000)
 Metaspace       used 64289K, committed 65856K, reserved 1114112K
  class space    used 6837K, committed 7488K, reserved 1048576K
GC Heap History (20 events):
Event: 25.353 GC heap after
{Heap after GC invocations=447 (full 3):
 PSYoungGen      total 1536K, used 563K [0x00000000d5580000, 0x00000000d5800000, 0x0000000100000000)
  eden space 512K, 0% used [0x00000000d5580000,0x00000000d5580000,0x00000000d5600000)
  from space 1024K, 55% used [0x00000000d5700000,0x00000000d578cfd0,0x00000000d5800000)
  to   space 1024K, 0% used [0x00000000d5600000,0x00000000d5600000,0x00000000d5700000)
 ParOldGen       total 394752K, used 394335K [0x0000000080000000, 0x0000000098180000, 0x00000000d5580000)
  object space 394752K, 99% used [0x0000000080000000,0x0000000098117f88,0x0000000098180000)
 Metaspace       used 64266K, committed 65792K, reserved 1114112K
  class space    used 6837K, committed 7488K, reserved 1048576K
}
Event: 25.357 GC heap before
{Heap before GC invocations=448 (full 3):
 PSYoungGen      total 1536K, used 923K [0x00000000d5580000, 0x00000000d5800000, 0x0000000100000000)
  eden space 512K, 70% used [0x00000000d5580000,0x00000000d55d9df8,0x00000000d5600000)
  from space 1024K, 55% used [0x00000000d5700000,0x00000000d578cfd0,0x00000000d5800000)
  to   space 1024K, 0% used [0x00000000d5600000,0x00000000d5600000,0x00000000d5700000)
 ParOldGen       total 394752K, used 394335K [0x0000000080000000, 0x0000000098180000, 0x00000000d5580000)
  object space 394752K, 99% used [0x0000000080000000,0x0000000098117f88,0x0000000098180000)
 Metaspace       used 64266K, committed 65792K, reserved 1114112K
  class space    used 6837K, committed 7488K, reserved 1048576K
}
Event: 25.359 GC heap after
{Heap after GC invocations=448 (full 3):
 PSYoungGen      total 1536K, used 403K [0x00000000d5580000, 0x00000000d5780000, 0x0000000100000000)
  eden space 512K, 0% used [0x00000000d5580000,0x00000000d5580000,0x00000000d5600000)
  from space 1024K, 39% used [0x00000000d5600000,0x00000000d5664fd0,0x00000000d5700000)
  to   space 512K, 0% used [0x00000000d5700000,0x00000000d5700000,0x00000000d5780000)
 ParOldGen       total 395264K, used 394851K [0x0000000080000000, 0x0000000098200000, 0x00000000d5580000)
  object space 395264K, 99% used [0x0000000080000000,0x0000000098198f48,0x0000000098200000)
 Metaspace       used 64266K, committed 65792K, reserved 1114112K
  class space    used 6837K, committed 7488K, reserved 1048576K
}
Event: 25.364 GC heap before
{Heap before GC invocations=449 (full 3):
 PSYoungGen      total 1536K, used 915K [0x00000000d5580000, 0x00000000d5780000, 0x0000000100000000)
  eden space 512K, 100% used [0x00000000d5580000,0x00000000d5600000,0x00000000d5600000)
  from space 1024K, 39% used [0x00000000d5600000,0x00000000d5664fd0,0x00000000d5700000)
  to   space 512K, 0% used [0x00000000d5700000,0x00000000d5700000,0x00000000d5780000)
 ParOldGen       total 395264K, used 394851K [0x0000000080000000, 0x0000000098200000, 0x00000000d5580000)
  object space 395264K, 99% used [0x0000000080000000,0x0000000098198f48,0x0000000098200000)
 Metaspace       used 64266K, committed 65792K, reserved 1114112K
  class space    used 6837K, committed 7488K, reserved 1048576K
}
Event: 25.365 GC heap after
{Heap after GC invocations=449 (full 3):
 PSYoungGen      total 1536K, used 435K [0x00000000d5580000, 0x00000000d5780000, 0x0000000100000000)
  eden space 1024K, 0% used [0x00000000d5580000,0x00000000d5580000,0x00000000d5680000)
  from space 512K, 85% used [0x00000000d5700000,0x00000000d576cfd0,0x00000000d5780000)
  to   space 512K, 0% used [0x00000000d5680000,0x00000000d5680000,0x00000000d5700000)
 ParOldGen       total 395776K, used 395404K [0x0000000080000000, 0x0000000098280000, 0x00000000d5580000)
  object space 395776K, 99% used [0x0000000080000000,0x0000000098223210,0x0000000098280000)
 Metaspace       used 64266K, committed 65792K, reserved 1114112K
  class space    used 6837K, committed 7488K, reserved 1048576K
}
Event: 25.381 GC heap before
{Heap before GC invocations=450 (full 3):
 PSYoungGen      total 1536K, used 1459K [0x00000000d5580000, 0x00000000d5780000, 0x0000000100000000)
  eden space 1024K, 100% used [0x00000000d5580000,0x00000000d5680000,0x00000000d5680000)
  from space 512K, 85% used [0x00000000d5700000,0x00000000d576cfd0,0x00000000d5780000)
  to   space 512K, 0% used [0x00000000d5680000,0x00000000d5680000,0x00000000d5700000)
 ParOldGen       total 395776K, used 395404K [0x0000000080000000, 0x0000000098280000, 0x00000000d5580000)
  object space 395776K, 99% used [0x0000000080000000,0x0000000098223210,0x0000000098280000)
 Metaspace       used 64284K, committed 65856K, reserved 1114112K
  class space    used 6837K, committed 7488K, reserved 1048576K
}
Event: 25.383 GC heap after
{Heap after GC invocations=450 (full 3):
 PSYoungGen      total 1536K, used 512K [0x00000000d5580000, 0x00000000d5980000, 0x0000000100000000)
  eden space 1024K, 0% used [0x00000000d5580000,0x00000000d5580000,0x00000000d5680000)
  from space 512K, 100% used [0x00000000d5680000,0x00000000d5700000,0x00000000d5700000)
  to   space 1536K, 0% used [0x00000000d5800000,0x00000000d5800000,0x00000000d5980000)
 ParOldGen       total 396288K, used 396237K [0x0000000080000000, 0x0000000098300000, 0x00000000d5580000)
  object space 396288K, 99% used [0x0000000080000000,0x00000000982f36b0,0x0000000098300000)
 Metaspace       used 64284K, committed 65856K, reserved 1114112K
  class space    used 6837K, committed 7488K, reserved 1048576K
}
Event: 25.407 GC heap before
{Heap before GC invocations=451 (full 3):
 PSYoungGen      total 1536K, used 1535K [0x00000000d5580000, 0x00000000d5980000, 0x0000000100000000)
  eden space 1024K, 99% used [0x00000000d5580000,0x00000000d567fff8,0x00000000d5680000)
  from space 512K, 100% used [0x00000000d5680000,0x00000000d5700000,0x00000000d5700000)
  to   space 1536K, 0% used [0x00000000d5800000,0x00000000d5800000,0x00000000d5980000)
 ParOldGen       total 396288K, used 396237K [0x0000000080000000, 0x0000000098300000, 0x00000000d5580000)
  object space 396288K, 99% used [0x0000000080000000,0x00000000982f36b0,0x0000000098300000)
 Metaspace       used 64289K, committed 65856K, reserved 1114112K
  class space    used 6837K, committed 7488K, reserved 1048576K
}
Event: 25.409 GC heap after
{Heap after GC invocations=451 (full 3):
 PSYoungGen      total 2560K, used 947K [0x00000000d5580000, 0x00000000d5980000, 0x0000000100000000)
  eden space 1024K, 0% used [0x00000000d5580000,0x00000000d5580000,0x00000000d5680000)
  from space 1536K, 61% used [0x00000000d5800000,0x00000000d58ecfd0,0x00000000d5980000)
  to   space 1536K, 0% used [0x00000000d5680000,0x00000000d5680000,0x00000000d5800000)
 ParOldGen       total 396800K, used 396749K [0x0000000080000000, 0x0000000098380000, 0x00000000d5580000)
  object space 396800K, 99% used [0x0000000080000000,0x00000000983736b0,0x0000000098380000)
 Metaspace       used 64289K, committed 65856K, reserved 1114112K
  class space    used 6837K, committed 7488K, reserved 1048576K
}
Event: 25.426 GC heap before
{Heap before GC invocations=452 (full 3):
 PSYoungGen      total 2560K, used 1971K [0x00000000d5580000, 0x00000000d5980000, 0x0000000100000000)
  eden space 1024K, 100% used [0x00000000d5580000,0x00000000d5680000,0x00000000d5680000)
  from space 1536K, 61% used [0x00000000d5800000,0x00000000d58ecfd0,0x00000000d5980000)
  to   space 1536K, 0% used [0x00000000d5680000,0x00000000d5680000,0x00000000d5800000)
 ParOldGen       total 396800K, used 396749K [0x0000000080000000, 0x0000000098380000, 0x00000000d5580000)
  object space 396800K, 99% used [0x0000000080000000,0x00000000983736b0,0x0000000098380000)
 Metaspace       used 64289K, committed 65856K, reserved 1114112K
  class space    used 6837K, committed 7488K, reserved 1048576K
}
Event: 25.428 GC heap after
{Heap after GC invocations=452 (full 3):
 PSYoungGen      total 2048K, used 736K [0x00000000d5580000, 0x00000000d5880000, 0x0000000100000000)
  eden space 1024K, 0% used [0x00000000d5580000,0x00000000d5580000,0x00000000d5680000)
  from space 1024K, 71% used [0x00000000d5680000,0x00000000d5738000,0x00000000d5780000)
  to   space 1024K, 0% used [0x00000000d5780000,0x00000000d5780000,0x00000000d5880000)
 ParOldGen       total 397824K, used 397638K [0x0000000080000000, 0x0000000098480000, 0x00000000d5580000)
  object space 397824K, 99% used [0x0000000080000000,0x0000000098451bd0,0x0000000098480000)
 Metaspace       used 64289K, committed 65856K, reserved 1114112K
  class space    used 6837K, committed 7488K, reserved 1048576K
}
Event: 25.438 GC heap before
{Heap before GC invocations=453 (full 3):
 PSYoungGen      total 2048K, used 1759K [0x00000000d5580000, 0x00000000d5880000, 0x0000000100000000)
  eden space 1024K, 99% used [0x00000000d5580000,0x00000000d567fdd0,0x00000000d5680000)
  from space 1024K, 71% used [0x00000000d5680000,0x00000000d5738000,0x00000000d5780000)
  to   space 1024K, 0% used [0x00000000d5780000,0x00000000d5780000,0x00000000d5880000)
 ParOldGen       total 397824K, used 397638K [0x0000000080000000, 0x0000000098480000, 0x00000000d5580000)
  object space 397824K, 99% used [0x0000000080000000,0x0000000098451bd0,0x0000000098480000)
 Metaspace       used 64289K, committed 65856K, reserved 1114112K
  class space    used 6837K, committed 7488K, reserved 1048576K
}
Event: 25.441 GC heap after
{Heap after GC invocations=453 (full 3):
 PSYoungGen      total 2048K, used 672K [0x00000000d5580000, 0x00000000d5880000, 0x0000000100000000)
  eden space 1024K, 0% used [0x00000000d5580000,0x00000000d5580000,0x00000000d5680000)
  from space 1024K, 65% used [0x00000000d5780000,0x00000000d5828000,0x00000000d5880000)
  to   space 1024K, 0% used [0x00000000d5680000,0x00000000d5680000,0x00000000d5780000)
 ParOldGen       total 398336K, used 398318K [0x0000000080000000, 0x0000000098500000, 0x00000000d5580000)
  object space 398336K, 99% used [0x0000000080000000,0x00000000984fbbd0,0x0000000098500000)
 Metaspace       used 64289K, committed 65856K, reserved 1114112K
  class space    used 6837K, committed 7488K, reserved 1048576K
}
Event: 25.451 GC heap before
{Heap before GC invocations=454 (full 3):
 PSYoungGen      total 2048K, used 1653K [0x00000000d5580000, 0x00000000d5880000, 0x0000000100000000)
  eden space 1024K, 95% used [0x00000000d5580000,0x00000000d5675628,0x00000000d5680000)
  from space 1024K, 65% used [0x00000000d5780000,0x00000000d5828000,0x00000000d5880000)
  to   space 1024K, 0% used [0x00000000d5680000,0x00000000d5680000,0x00000000d5780000)
 ParOldGen       total 398336K, used 398318K [0x0000000080000000, 0x0000000098500000, 0x00000000d5580000)
  object space 398336K, 99% used [0x0000000080000000,0x00000000984fbbd0,0x0000000098500000)
 Metaspace       used 64289K, committed 65856K, reserved 1114112K
  class space    used 6837K, committed 7488K, reserved 1048576K
}
Event: 25.452 GC heap after
{Heap after GC invocations=454 (full 3):
 PSYoungGen      total 2048K, used 640K [0x00000000d5580000, 0x00000000d5880000, 0x0000000100000000)
  eden space 1024K, 0% used [0x00000000d5580000,0x00000000d5580000,0x00000000d5680000)
  from space 1024K, 62% used [0x00000000d5680000,0x00000000d5720000,0x00000000d5780000)
  to   space 1024K, 0% used [0x00000000d5780000,0x00000000d5780000,0x00000000d5880000)
 ParOldGen       total 399360K, used 398918K [0x0000000080000000, 0x0000000098600000, 0x00000000d5580000)
  object space 399360K, 99% used [0x0000000080000000,0x0000000098591bd0,0x0000000098600000)
 Metaspace       used 64289K, committed 65856K, reserved 1114112K
  class space    used 6837K, committed 7488K, reserved 1048576K
}
Event: 25.488 GC heap before
{Heap before GC invocations=455 (full 3):
 PSYoungGen      total 2048K, used 1663K [0x00000000d5580000, 0x00000000d5880000, 0x0000000100000000)
  eden space 1024K, 99% used [0x00000000d5580000,0x00000000d567ffe0,0x00000000d5680000)
  from space 1024K, 62% used [0x00000000d5680000,0x00000000d5720000,0x00000000d5780000)
  to   space 1024K, 0% used [0x00000000d5780000,0x00000000d5780000,0x00000000d5880000)
 ParOldGen       total 399360K, used 398918K [0x0000000080000000, 0x0000000098600000, 0x00000000d5580000)
  object space 399360K, 99% used [0x0000000080000000,0x0000000098591bd0,0x0000000098600000)
 Metaspace       used 64289K, committed 65856K, reserved 1114112K
  class space    used 6837K, committed 7488K, reserved 1048576K
}
Event: 25.490 GC heap after
{Heap after GC invocations=455 (full 3):
 PSYoungGen      total 2048K, used 736K [0x00000000d5580000, 0x00000000d5880000, 0x0000000100000000)
  eden space 1024K, 0% used [0x00000000d5580000,0x00000000d5580000,0x00000000d5680000)
  from space 1024K, 71% used [0x00000000d5780000,0x00000000d5838000,0x00000000d5880000)
  to   space 1024K, 0% used [0x00000000d5680000,0x00000000d5680000,0x00000000d5780000)
 ParOldGen       total 399872K, used 399534K [0x0000000080000000, 0x0000000098680000, 0x00000000d5580000)
  object space 399872K, 99% used [0x0000000080000000,0x000000009862bbd0,0x0000000098680000)
 Metaspace       used 64289K, committed 65856K, reserved 1114112K
  class space    used 6837K, committed 7488K, reserved 1048576K
}
Event: 25.528 GC heap before
{Heap before GC invocations=456 (full 3):
 PSYoungGen      total 2048K, used 1756K [0x00000000d5580000, 0x00000000d5880000, 0x0000000100000000)
  eden space 1024K, 99% used [0x00000000d5580000,0x00000000d567f0d0,0x00000000d5680000)
  from space 1024K, 71% used [0x00000000d5780000,0x00000000d5838000,0x00000000d5880000)
  to   space 1024K, 0% used [0x00000000d5680000,0x00000000d5680000,0x00000000d5780000)
 ParOldGen       total 399872K, used 399534K [0x0000000080000000, 0x0000000098680000, 0x00000000d5580000)
  object space 399872K, 99% used [0x0000000080000000,0x000000009862bbd0,0x0000000098680000)
 Metaspace       used 64289K, committed 65856K, reserved 1114112K
  class space    used 6837K, committed 7488K, reserved 1048576K
}
Event: 25.531 GC heap after
{Heap after GC invocations=456 (full 3):
 PSYoungGen      total 2048K, used 960K [0x00000000d5580000, 0x00000000d5880000, 0x0000000100000000)
  eden space 1024K, 0% used [0x00000000d5580000,0x00000000d5580000,0x00000000d5680000)
  from space 1024K, 93% used [0x00000000d5680000,0x00000000d5770000,0x00000000d5780000)
  to   space 1024K, 0% used [0x00000000d5780000,0x00000000d5780000,0x00000000d5880000)
 ParOldGen       total 400384K, used 400190K [0x0000000080000000, 0x0000000098700000, 0x00000000d5580000)
  object space 400384K, 99% used [0x0000000080000000,0x00000000986cfbd0,0x0000000098700000)
 Metaspace       used 64289K, committed 65856K, reserved 1114112K
  class space    used 6837K, committed 7488K, reserved 1048576K
}
Event: 26.150 GC heap before
{Heap before GC invocations=457 (full 3):
 PSYoungGen      total 2048K, used 1984K [0x00000000d5580000, 0x00000000d5880000, 0x0000000100000000)
  eden space 1024K, 100% used [0x00000000d5580000,0x00000000d5680000,0x00000000d5680000)
  from space 1024K, 93% used [0x00000000d5680000,0x00000000d5770000,0x00000000d5780000)
  to   space 1024K, 0% used [0x00000000d5780000,0x00000000d5780000,0x00000000d5880000)
 ParOldGen       total 400384K, used 400190K [0x0000000080000000, 0x0000000098700000, 0x00000000d5580000)
  object space 400384K, 99% used [0x0000000080000000,0x00000000986cfbd0,0x0000000098700000)
 Metaspace       used 64289K, committed 65856K, reserved 1114112K
  class space    used 6837K, committed 7488K, reserved 1048576K
}

