# JRE version: OpenJDK Runtime Environment Temurin-21.0.8+9 (21.0.8+9) (build 21.0.8+9-LTS)
# Java VM: OpenJDK 64-Bit Server VM Temurin-21.0.8+9 (21.0.8+9-LTS, mixed mode, sharing, tiered, compressed oops, compressed class ptrs, parallel gc, windows-amd64)
GC Precious Log:
 CardTable entry size: 512
 CPUs: 6 total, 6 available
 Memory: 8127M
 Large Page Support: Disabled
 NUMA Support: Disabled
 Compressed Oops: Enabled (32-bit)
 Alignments: Space 512K, Generation 512K, Heap 2M
 Heap Min Capacity: 100M
 Heap Initial Capacity: 100M
 Heap Max Capacity: 2G
 Pre-touch: Disabled
 Parallel Workers: 6
Heap:
 PSYoungGen      total 7168K, used 5439K [0x00000000d5580000, 0x00000000d5e80000, 0x0000000100000000)
  eden space 6144K, 72% used [0x00000000d5580000,0x00000000d59ddd70,0x00000000d5b80000)
  from space 1024K, 94% used [0x00000000d5c00000,0x00000000d5cf20e8,0x00000000d5d00000)
  to   space 1536K, 0% used [0x00000000d5d00000,0x00000000d5d00000,0x00000000d5e80000)
 ParOldGen       total 116224K, used 115777K [0x0000000080000000, 0x0000000087180000, 0x00000000d5580000)
  object space 116224K, 99% used [0x0000000080000000,0x00000000871106e0,0x0000000087180000)
 Metaspace       used 55394K, committed 56640K, reserved 1114112K
  class space    used 5959K, committed 6528K, reserved 1048576K
GC Heap History (20 events):
Event: 38.632 GC heap before
{Heap before GC invocations=56 (full 2):
 PSYoungGen      total 7680K, used 7600K [0x00000000d5580000, 0x00000000d6080000, 0x0000000100000000)
  eden space 6144K, 100% used [0x00000000d5580000,0x00000000d5b80000,0x00000000d5b80000)
  from space 1536K, 94% used [0x00000000d5b80000,0x00000000d5cec200,0x00000000d5d00000)
  to   space 2560K, 0% used [0x00000000d5e00000,0x00000000d5e00000,0x00000000d6080000)
 ParOldGen       total 101888K, used 101615K [0x0000000080000000, 0x0000000086380000, 0x00000000d5580000)
  object space 101888K, 99% used [0x0000000080000000,0x000000008633bff8,0x0000000086380000)
 Metaspace       used 50615K, committed 51840K, reserved 1114112K
  class space    used 5476K, committed 6080K, reserved 1048576K
}
Event: 38.634 GC heap after
{Heap after GC invocations=56 (full 2):
 PSYoungGen      total 7680K, used 1437K [0x00000000d5580000, 0x00000000d5f80000, 0x0000000100000000)
  eden space 6144K, 0% used [0x00000000d5580000,0x00000000d5580000,0x00000000d5b80000)
  from space 1536K, 93% used [0x00000000d5e00000,0x00000000d5f67518,0x00000000d5f80000)
  to   space 2048K, 0% used [0x00000000d5b80000,0x00000000d5b80000,0x00000000d5d80000)
 ParOldGen       total 103424K, used 102968K [0x0000000080000000, 0x0000000086500000, 0x00000000d5580000)
  object space 103424K, 99% used [0x0000000080000000,0x000000008648e1a0,0x0000000086500000)
 Metaspace       used 50615K, committed 51840K, reserved 1114112K
  class space    used 5476K, committed 6080K, reserved 1048576K
}
Event: 38.709 GC heap before
{Heap before GC invocations=57 (full 2):
 PSYoungGen      total 7680K, used 7581K [0x00000000d5580000, 0x00000000d5f80000, 0x0000000100000000)
  eden space 6144K, 100% used [0x00000000d5580000,0x00000000d5b80000,0x00000000d5b80000)
  from space 1536K, 93% used [0x00000000d5e00000,0x00000000d5f67518,0x00000000d5f80000)
  to   space 2048K, 0% used [0x00000000d5b80000,0x00000000d5b80000,0x00000000d5d80000)
 ParOldGen       total 103424K, used 102968K [0x0000000080000000, 0x0000000086500000, 0x00000000d5580000)
  object space 103424K, 99% used [0x0000000080000000,0x000000008648e1a0,0x0000000086500000)
 Metaspace       used 50615K, committed 51840K, reserved 1114112K
  class space    used 5476K, committed 6080K, reserved 1048576K
}
Event: 38.710 GC heap after
{Heap after GC invocations=57 (full 2):
 PSYoungGen      total 7680K, used 1466K [0x00000000d5580000, 0x00000000d5e80000, 0x0000000100000000)
  eden space 6144K, 0% used [0x00000000d5580000,0x00000000d5580000,0x00000000d5b80000)
  from space 1536K, 95% used [0x00000000d5b80000,0x00000000d5ceeb78,0x00000000d5d00000)
  to   space 1536K, 0% used [0x00000000d5d00000,0x00000000d5d00000,0x00000000d5e80000)
 ParOldGen       total 104448K, used 104347K [0x0000000080000000, 0x0000000086600000, 0x00000000d5580000)
  object space 104448K, 99% used [0x0000000080000000,0x00000000865e6e28,0x0000000086600000)
 Metaspace       used 50615K, committed 51840K, reserved 1114112K
  class space    used 5476K, committed 6080K, reserved 1048576K
}
Event: 38.794 GC heap before
{Heap before GC invocations=58 (full 2):
 PSYoungGen      total 7680K, used 7610K [0x00000000d5580000, 0x00000000d5e80000, 0x0000000100000000)
  eden space 6144K, 100% used [0x00000000d5580000,0x00000000d5b80000,0x00000000d5b80000)
  from space 1536K, 95% used [0x00000000d5b80000,0x00000000d5ceeb78,0x00000000d5d00000)
  to   space 1536K, 0% used [0x00000000d5d00000,0x00000000d5d00000,0x00000000d5e80000)
 ParOldGen       total 104448K, used 104347K [0x0000000080000000, 0x0000000086600000, 0x00000000d5580000)
  object space 104448K, 99% used [0x0000000080000000,0x00000000865e6e28,0x0000000086600000)
 Metaspace       used 50688K, committed 51904K, reserved 1114112K
  class space    used 5488K, committed 6080K, reserved 1048576K
}
Event: 38.796 GC heap after
{Heap after GC invocations=58 (full 2):
 PSYoungGen      total 7680K, used 1501K [0x00000000d5580000, 0x00000000d5e80000, 0x0000000100000000)
  eden space 6144K, 0% used [0x00000000d5580000,0x00000000d5580000,0x00000000d5b80000)
  from space 1536K, 97% used [0x00000000d5d00000,0x00000000d5e77450,0x00000000d5e80000)
  to   space 1536K, 0% used [0x00000000d5b80000,0x00000000d5b80000,0x00000000d5d00000)
 ParOldGen       total 105984K, used 105730K [0x0000000080000000, 0x0000000086780000, 0x00000000d5580000)
  object space 105984K, 99% used [0x0000000080000000,0x00000000867408e8,0x0000000086780000)
 Metaspace       used 50688K, committed 51904K, reserved 1114112K
  class space    used 5488K, committed 6080K, reserved 1048576K
}
Event: 38.836 GC heap before
{Heap before GC invocations=59 (full 2):
 PSYoungGen      total 7680K, used 7645K [0x00000000d5580000, 0x00000000d5e80000, 0x0000000100000000)
  eden space 6144K, 100% used [0x00000000d5580000,0x00000000d5b80000,0x00000000d5b80000)
  from space 1536K, 97% used [0x00000000d5d00000,0x00000000d5e77450,0x00000000d5e80000)
  to   space 1536K, 0% used [0x00000000d5b80000,0x00000000d5b80000,0x00000000d5d00000)
 ParOldGen       total 105984K, used 105730K [0x0000000080000000, 0x0000000086780000, 0x00000000d5580000)
  object space 105984K, 99% used [0x0000000080000000,0x00000000867408e8,0x0000000086780000)
 Metaspace       used 50840K, committed 52096K, reserved 1114112K
  class space    used 5513K, committed 6080K, reserved 1048576K
}
Event: 38.838 GC heap after
{Heap after GC invocations=59 (full 2):
 PSYoungGen      total 7680K, used 1343K [0x00000000d5580000, 0x00000000d5e80000, 0x0000000100000000)
  eden space 6144K, 0% used [0x00000000d5580000,0x00000000d5580000,0x00000000d5b80000)
  from space 1536K, 87% used [0x00000000d5b80000,0x00000000d5ccfd10,0x00000000d5d00000)
  to   space 1536K, 0% used [0x00000000d5d00000,0x00000000d5d00000,0x00000000d5e80000)
 ParOldGen       total 107520K, used 107120K [0x0000000080000000, 0x0000000086900000, 0x00000000d5580000)
  object space 107520K, 99% used [0x0000000080000000,0x000000008689c260,0x0000000086900000)
 Metaspace       used 50840K, committed 52096K, reserved 1114112K
  class space    used 5513K, committed 6080K, reserved 1048576K
}
Event: 38.892 GC heap before
{Heap before GC invocations=60 (full 2):
 PSYoungGen      total 7680K, used 7487K [0x00000000d5580000, 0x00000000d5e80000, 0x0000000100000000)
  eden space 6144K, 100% used [0x00000000d5580000,0x00000000d5b80000,0x00000000d5b80000)
  from space 1536K, 87% used [0x00000000d5b80000,0x00000000d5ccfd10,0x00000000d5d00000)
  to   space 1536K, 0% used [0x00000000d5d00000,0x00000000d5d00000,0x00000000d5e80000)
 ParOldGen       total 107520K, used 107120K [0x0000000080000000, 0x0000000086900000, 0x00000000d5580000)
  object space 107520K, 99% used [0x0000000080000000,0x000000008689c260,0x0000000086900000)
 Metaspace       used 50978K, committed 52288K, reserved 1114112K
  class space    used 5539K, committed 6144K, reserved 1048576K
}
Event: 38.893 GC heap after
{Heap after GC invocations=60 (full 2):
 PSYoungGen      total 6656K, used 417K [0x00000000d5580000, 0x00000000d5d80000, 0x0000000100000000)
  eden space 6144K, 0% used [0x00000000d5580000,0x00000000d5580000,0x00000000d5b80000)
  from space 512K, 81% used [0x00000000d5d00000,0x00000000d5d68448,0x00000000d5d80000)
  to   space 1024K, 0% used [0x00000000d5b80000,0x00000000d5b80000,0x00000000d5c80000)
 ParOldGen       total 108544K, used 108364K [0x0000000080000000, 0x0000000086a00000, 0x00000000d5580000)
  object space 108544K, 99% used [0x0000000080000000,0x00000000869d3060,0x0000000086a00000)
 Metaspace       used 50978K, committed 52288K, reserved 1114112K
  class space    used 5539K, committed 6144K, reserved 1048576K
}
Event: 38.964 GC heap before
{Heap before GC invocations=61 (full 2):
 PSYoungGen      total 6656K, used 6521K [0x00000000d5580000, 0x00000000d5d80000, 0x0000000100000000)
  eden space 6144K, 99% used [0x00000000d5580000,0x00000000d5b76248,0x00000000d5b80000)
  from space 512K, 81% used [0x00000000d5d00000,0x00000000d5d68448,0x00000000d5d80000)
  to   space 1024K, 0% used [0x00000000d5b80000,0x00000000d5b80000,0x00000000d5c80000)
 ParOldGen       total 108544K, used 108364K [0x0000000080000000, 0x0000000086a00000, 0x00000000d5580000)
  object space 108544K, 99% used [0x0000000080000000,0x00000000869d3060,0x0000000086a00000)
 Metaspace       used 51088K, committed 52352K, reserved 1114112K
  class space    used 5568K, committed 6144K, reserved 1048576K
}
Event: 38.965 GC heap after
{Heap after GC invocations=61 (full 2):
 PSYoungGen      total 7168K, used 301K [0x00000000d5580000, 0x00000000d5d80000, 0x0000000100000000)
  eden space 6144K, 0% used [0x00000000d5580000,0x00000000d5580000,0x00000000d5b80000)
  from space 1024K, 29% used [0x00000000d5b80000,0x00000000d5bcb448,0x00000000d5c80000)
  to   space 512K, 0% used [0x00000000d5d00000,0x00000000d5d00000,0x00000000d5d80000)
 ParOldGen       total 109056K, used 108679K [0x0000000080000000, 0x0000000086a80000, 0x00000000d5580000)
  object space 109056K, 99% used [0x0000000080000000,0x0000000086a21c90,0x0000000086a80000)
 Metaspace       used 51088K, committed 52352K, reserved 1114112K
  class space    used 5568K, committed 6144K, reserved 1048576K
}
Event: 39.060 GC heap before
{Heap before GC invocations=62 (full 2):
 PSYoungGen      total 7168K, used 6395K [0x00000000d5580000, 0x00000000d5d80000, 0x0000000100000000)
  eden space 6144K, 99% used [0x00000000d5580000,0x00000000d5b73978,0x00000000d5b80000)
  from space 1024K, 29% used [0x00000000d5b80000,0x00000000d5bcb448,0x00000000d5c80000)
  to   space 512K, 0% used [0x00000000d5d00000,0x00000000d5d00000,0x00000000d5d80000)
 ParOldGen       total 109056K, used 108679K [0x0000000080000000, 0x0000000086a80000, 0x00000000d5580000)
  object space 109056K, 99% used [0x0000000080000000,0x0000000086a21c90,0x0000000086a80000)
 Metaspace       used 51356K, committed 52608K, reserved 1114112K
  class space    used 5590K, committed 6144K, reserved 1048576K
}
Event: 39.061 GC heap after
{Heap after GC invocations=62 (full 2):
 PSYoungGen      total 6656K, used 480K [0x00000000d5580000, 0x00000000d5d80000, 0x0000000100000000)
  eden space 6144K, 0% used [0x00000000d5580000,0x00000000d5580000,0x00000000d5b80000)
  from space 512K, 93% used [0x00000000d5d00000,0x00000000d5d780d8,0x00000000d5d80000)
  to   space 1024K, 0% used [0x00000000d5b80000,0x00000000d5b80000,0x00000000d5c80000)
 ParOldGen       total 109056K, used 108962K [0x0000000080000000, 0x0000000086a80000, 0x00000000d5580000)
  object space 109056K, 99% used [0x0000000080000000,0x0000000086a689b0,0x0000000086a80000)
 Metaspace       used 51356K, committed 52608K, reserved 1114112K
  class space    used 5590K, committed 6144K, reserved 1048576K
}
Event: 39.156 GC heap before
{Heap before GC invocations=63 (full 2):
 PSYoungGen      total 6656K, used 6604K [0x00000000d5580000, 0x00000000d5d80000, 0x0000000100000000)
  eden space 6144K, 99% used [0x00000000d5580000,0x00000000d5b7b100,0x00000000d5b80000)
  from space 512K, 93% used [0x00000000d5d00000,0x00000000d5d780d8,0x00000000d5d80000)
  to   space 1024K, 0% used [0x00000000d5b80000,0x00000000d5b80000,0x00000000d5c80000)
 ParOldGen       total 109056K, used 108962K [0x0000000080000000, 0x0000000086a80000, 0x00000000d5580000)
  object space 109056K, 99% used [0x0000000080000000,0x0000000086a689b0,0x0000000086a80000)
 Metaspace       used 51625K, committed 52864K, reserved 1114112K
  class space    used 5619K, committed 6208K, reserved 1048576K
}
Event: 39.156 GC heap after
{Heap after GC invocations=63 (full 2):
 PSYoungGen      total 7168K, used 429K [0x00000000d5580000, 0x00000000d5d80000, 0x0000000100000000)
  eden space 6144K, 0% used [0x00000000d5580000,0x00000000d5580000,0x00000000d5b80000)
  from space 1024K, 41% used [0x00000000d5b80000,0x00000000d5beb570,0x00000000d5c80000)
  to   space 1024K, 0% used [0x00000000d5c80000,0x00000000d5c80000,0x00000000d5d80000)
 ParOldGen       total 109568K, used 109429K [0x0000000080000000, 0x0000000086b00000, 0x00000000d5580000)
  object space 109568K, 99% used [0x0000000080000000,0x0000000086add7b8,0x0000000086b00000)
 Metaspace       used 51625K, committed 52864K, reserved 1114112K
  class space    used 5619K, committed 6208K, reserved 1048576K
}
Event: 39.188 GC heap before
{Heap before GC invocations=64 (full 2):
 PSYoungGen      total 7168K, used 6573K [0x00000000d5580000, 0x00000000d5d80000, 0x0000000100000000)
  eden space 6144K, 100% used [0x00000000d5580000,0x00000000d5b80000,0x00000000d5b80000)
  from space 1024K, 41% used [0x00000000d5b80000,0x00000000d5beb570,0x00000000d5c80000)
  to   space 1024K, 0% used [0x00000000d5c80000,0x00000000d5c80000,0x00000000d5d80000)
 ParOldGen       total 109568K, used 109441K [0x0000000080000000, 0x0000000086b00000, 0x00000000d5580000)
  object space 109568K, 99% used [0x0000000080000000,0x0000000086ae0480,0x0000000086b00000)
 Metaspace       used 51832K, committed 53056K, reserved 1114112K
  class space    used 5637K, committed 6208K, reserved 1048576K
}
Event: 39.196 GC heap after
{Heap after GC invocations=64 (full 2):
 PSYoungGen      total 7168K, used 738K [0x00000000d5580000, 0x00000000d5d80000, 0x0000000100000000)
  eden space 6144K, 0% used [0x00000000d5580000,0x00000000d5580000,0x00000000d5b80000)
  from space 1024K, 72% used [0x00000000d5c80000,0x00000000d5d389b8,0x00000000d5d80000)
  to   space 1024K, 0% used [0x00000000d5b80000,0x00000000d5b80000,0x00000000d5c80000)
 ParOldGen       total 110080K, used 109749K [0x0000000080000000, 0x0000000086b80000, 0x00000000d5580000)
  object space 110080K, 99% used [0x0000000080000000,0x0000000086b2d6b8,0x0000000086b80000)
 Metaspace       used 51832K, committed 53056K, reserved 1114112K
  class space    used 5637K, committed 6208K, reserved 1048576K
}
Event: 39.267 GC heap before
{Heap before GC invocations=65 (full 2):
 PSYoungGen      total 7168K, used 6882K [0x00000000d5580000, 0x00000000d5d80000, 0x0000000100000000)
  eden space 6144K, 100% used [0x00000000d5580000,0x00000000d5b80000,0x00000000d5b80000)
  from space 1024K, 72% used [0x00000000d5c80000,0x00000000d5d389b8,0x00000000d5d80000)
  to   space 1024K, 0% used [0x00000000d5b80000,0x00000000d5b80000,0x00000000d5c80000)
 ParOldGen       total 110080K, used 109816K [0x0000000080000000, 0x0000000086b80000, 0x00000000d5580000)
  object space 110080K, 99% used [0x0000000080000000,0x0000000086b3e2e0,0x0000000086b80000)
 Metaspace       used 52015K, committed 53248K, reserved 1114112K
  class space    used 5659K, committed 6208K, reserved 1048576K
}
Event: 39.268 GC heap after
{Heap after GC invocations=65 (full 2):
 PSYoungGen      total 7168K, used 840K [0x00000000d5580000, 0x00000000d5d80000, 0x0000000100000000)
  eden space 6144K, 0% used [0x00000000d5580000,0x00000000d5580000,0x00000000d5b80000)
  from space 1024K, 82% used [0x00000000d5b80000,0x00000000d5c52220,0x00000000d5c80000)
  to   space 1024K, 0% used [0x00000000d5c80000,0x00000000d5c80000,0x00000000d5d80000)
 ParOldGen       total 110592K, used 110453K [0x0000000080000000, 0x0000000086c00000, 0x00000000d5580000)
  object space 110592K, 99% used [0x0000000080000000,0x0000000086bdd670,0x0000000086c00000)
 Metaspace       used 52015K, committed 53248K, reserved 1114112K
  class space    used 5659K, committed 6208K, reserved 1048576K
}

