# JRE version: OpenJDK Runtime Environment Temurin-21.0.8+9 (21.0.8+9) (build 21.0.8+9-LTS)
# Java VM: OpenJDK 64-Bit Server VM Temurin-21.0.8+9 (21.0.8+9-LTS, mixed mode, sharing, tiered, compressed oops, compressed class ptrs, parallel gc, windows-amd64)
GC Precious Log:
 CardTable entry size: 512
 CPUs: 6 total, 6 available
 Memory: 8127M
 Large Page Support: Disabled
 NUMA Support: Disabled
 Compressed Oops: Enabled (32-bit)
 Alignments: Space 512K, Generation 512K, Heap 2M
 Heap Min Capacity: 100M
 Heap Initial Capacity: 100M
 Heap Max Capacity: 2G
 Pre-touch: Disabled
 Parallel Workers: 6
Heap:
 PSYoungGen      total 3072K, used 1546K [0x00000000d5580000, 0x00000000d5c80000, 0x0000000100000000)
  eden space 2560K, 47% used [0x00000000d5580000,0x00000000d56aeb40,0x00000000d5800000)
  from space 512K, 65% used [0x00000000d5b80000,0x00000000d5bd4010,0x00000000d5c00000)
  to   space 512K, 0% used [0x00000000d5c00000,0x00000000d5c00000,0x00000000d5c80000)
 ParOldGen       total 1219072K, used 1218728K [0x0000000080000000, 0x00000000ca680000, 0x00000000d5580000)
  object space 1219072K, 99% used [0x0000000080000000,0x00000000ca62a328,0x00000000ca680000)
 Metaspace       used 103600K, committed 105408K, reserved 1179648K
  class space    used 10610K, committed 11584K, reserved 1048576K
GC Heap History (20 events):
Event: 10653.080 GC heap before
{Heap before GC invocations=5764 (full 7):
 PSYoungGen      total 10752K, used 10671K [0x00000000d5580000, 0x00000000d6300000, 0x0000000100000000)
  eden space 7680K, 100% used [0x00000000d5580000,0x00000000d5d00000,0x00000000d5d00000)
  from space 3072K, 97% used [0x00000000d6000000,0x00000000d62ebe20,0x00000000d6300000)
  to   space 3072K, 0% used [0x00000000d5d00000,0x00000000d5d00000,0x00000000d6000000)
 ParOldGen       total 1209856K, used 1209550K [0x0000000080000000, 0x00000000c9d80000, 0x00000000d5580000)
  object space 1209856K, 99% used [0x0000000080000000,0x00000000c9d33ad0,0x00000000c9d80000)
 Metaspace       used 103586K, committed 105408K, reserved 1179648K
  class space    used 10610K, committed 11584K, reserved 1048576K
}
Event: 10653.084 GC heap after
{Heap after GC invocations=5764 (full 7):
 PSYoungGen      total 8192K, used 480K [0x00000000d5580000, 0x00000000d6080000, 0x0000000100000000)
  eden space 7680K, 0% used [0x00000000d5580000,0x00000000d5580000,0x00000000d5d00000)
  from space 512K, 93% used [0x00000000d5d00000,0x00000000d5d78000,0x00000000d5d80000)
  to   space 1536K, 0% used [0x00000000d5f00000,0x00000000d5f00000,0x00000000d6080000)
 ParOldGen       total 1211904K, used 1211902K [0x0000000080000000, 0x00000000c9f80000, 0x00000000d5580000)
  object space 1211904K, 99% used [0x0000000080000000,0x00000000c9f7fae0,0x00000000c9f80000)
 Metaspace       used 103586K, committed 105408K, reserved 1179648K
  class space    used 10610K, committed 11584K, reserved 1048576K
}
Event: 10654.871 GC heap before
{Heap before GC invocations=5765 (full 7):
 PSYoungGen      total 8192K, used 8160K [0x00000000d5580000, 0x00000000d6080000, 0x0000000100000000)
  eden space 7680K, 100% used [0x00000000d5580000,0x00000000d5d00000,0x00000000d5d00000)
  from space 512K, 93% used [0x00000000d5d00000,0x00000000d5d78000,0x00000000d5d80000)
  to   space 1536K, 0% used [0x00000000d5f00000,0x00000000d5f00000,0x00000000d6080000)
 ParOldGen       total 1211904K, used 1211902K [0x0000000080000000, 0x00000000c9f80000, 0x00000000d5580000)
  object space 1211904K, 99% used [0x0000000080000000,0x00000000c9f7fae0,0x00000000c9f80000)
 Metaspace       used 103586K, committed 105408K, reserved 1179648K
  class space    used 10610K, committed 11584K, reserved 1048576K
}
Event: 10654.873 GC heap after
{Heap after GC invocations=5765 (full 7):
 PSYoungGen      total 8704K, used 656K [0x00000000d5580000, 0x00000000d6000000, 0x0000000100000000)
  eden space 7680K, 0% used [0x00000000d5580000,0x00000000d5580000,0x00000000d5d00000)
  from space 1024K, 64% used [0x00000000d5f00000,0x00000000d5fa4010,0x00000000d6000000)
  to   space 1024K, 0% used [0x00000000d5e00000,0x00000000d5e00000,0x00000000d5f00000)
 ParOldGen       total 1212416K, used 1211942K [0x0000000080000000, 0x00000000ca000000, 0x00000000d5580000)
  object space 1212416K, 99% used [0x0000000080000000,0x00000000c9f89ae0,0x00000000ca000000)
 Metaspace       used 103586K, committed 105408K, reserved 1179648K
  class space    used 10610K, committed 11584K, reserved 1048576K
}
Event: 10655.100 GC heap before
{Heap before GC invocations=5766 (full 7):
 PSYoungGen      total 8704K, used 8336K [0x00000000d5580000, 0x00000000d6000000, 0x0000000100000000)
  eden space 7680K, 99% used [0x00000000d5580000,0x00000000d5cffff8,0x00000000d5d00000)
  from space 1024K, 64% used [0x00000000d5f00000,0x00000000d5fa4010,0x00000000d6000000)
  to   space 1024K, 0% used [0x00000000d5e00000,0x00000000d5e00000,0x00000000d5f00000)
 ParOldGen       total 1212416K, used 1211942K [0x0000000080000000, 0x00000000ca000000, 0x00000000d5580000)
  object space 1212416K, 99% used [0x0000000080000000,0x00000000c9f89ae0,0x00000000ca000000)
 Metaspace       used 103586K, committed 105408K, reserved 1179648K
  class space    used 10610K, committed 11584K, reserved 1048576K
}
Event: 10655.102 GC heap after
{Heap after GC invocations=5766 (full 7):
 PSYoungGen      total 8704K, used 880K [0x00000000d5580000, 0x00000000d5f80000, 0x0000000100000000)
  eden space 7680K, 0% used [0x00000000d5580000,0x00000000d5580000,0x00000000d5d00000)
  from space 1024K, 85% used [0x00000000d5e00000,0x00000000d5edc010,0x00000000d5f00000)
  to   space 512K, 0% used [0x00000000d5f00000,0x00000000d5f00000,0x00000000d5f80000)
 ParOldGen       total 1212416K, used 1211966K [0x0000000080000000, 0x00000000ca000000, 0x00000000d5580000)
  object space 1212416K, 99% used [0x0000000080000000,0x00000000c9f8fae0,0x00000000ca000000)
 Metaspace       used 103586K, committed 105408K, reserved 1179648K
  class space    used 10610K, committed 11584K, reserved 1048576K
}
Event: 10655.473 GC heap before
{Heap before GC invocations=5767 (full 7):
 PSYoungGen      total 8704K, used 8560K [0x00000000d5580000, 0x00000000d5f80000, 0x0000000100000000)
  eden space 7680K, 100% used [0x00000000d5580000,0x00000000d5d00000,0x00000000d5d00000)
  from space 1024K, 85% used [0x00000000d5e00000,0x00000000d5edc010,0x00000000d5f00000)
  to   space 512K, 0% used [0x00000000d5f00000,0x00000000d5f00000,0x00000000d5f80000)
 ParOldGen       total 1212416K, used 1211966K [0x0000000080000000, 0x00000000ca000000, 0x00000000d5580000)
  object space 1212416K, 99% used [0x0000000080000000,0x00000000c9f8fae0,0x00000000ca000000)
 Metaspace       used 103586K, committed 105408K, reserved 1179648K
  class space    used 10610K, committed 11584K, reserved 1048576K
}
Event: 10655.475 GC heap after
{Heap after GC invocations=5767 (full 7):
 PSYoungGen      total 8192K, used 512K [0x00000000d5580000, 0x00000000d5f80000, 0x0000000100000000)
  eden space 7680K, 0% used [0x00000000d5580000,0x00000000d5580000,0x00000000d5d00000)
  from space 512K, 100% used [0x00000000d5f00000,0x00000000d5f80000,0x00000000d5f80000)
  to   space 1024K, 0% used [0x00000000d5d80000,0x00000000d5d80000,0x00000000d5e80000)
 ParOldGen       total 1212416K, used 1212275K [0x0000000080000000, 0x00000000ca000000, 0x00000000d5580000)
  object space 1212416K, 99% used [0x0000000080000000,0x00000000c9fdcf70,0x00000000ca000000)
 Metaspace       used 103586K, committed 105408K, reserved 1179648K
  class space    used 10610K, committed 11584K, reserved 1048576K
}
Event: 10655.683 GC heap before
{Heap before GC invocations=5768 (full 7):
 PSYoungGen      total 8192K, used 8191K [0x00000000d5580000, 0x00000000d5f80000, 0x0000000100000000)
  eden space 7680K, 99% used [0x00000000d5580000,0x00000000d5cffff8,0x00000000d5d00000)
  from space 512K, 100% used [0x00000000d5f00000,0x00000000d5f80000,0x00000000d5f80000)
  to   space 1024K, 0% used [0x00000000d5d80000,0x00000000d5d80000,0x00000000d5e80000)
 ParOldGen       total 1212416K, used 1212275K [0x0000000080000000, 0x00000000ca000000, 0x00000000d5580000)
  object space 1212416K, 99% used [0x0000000080000000,0x00000000c9fdcf70,0x00000000ca000000)
 Metaspace       used 103586K, committed 105408K, reserved 1179648K
  class space    used 10610K, committed 11584K, reserved 1048576K
}
Event: 10655.687 GC heap after
{Heap after GC invocations=5768 (full 7):
 PSYoungGen      total 8704K, used 432K [0x00000000d5580000, 0x00000000d5f80000, 0x0000000100000000)
  eden space 7680K, 0% used [0x00000000d5580000,0x00000000d5580000,0x00000000d5d00000)
  from space 1024K, 42% used [0x00000000d5d80000,0x00000000d5dec010,0x00000000d5e80000)
  to   space 1024K, 0% used [0x00000000d5e80000,0x00000000d5e80000,0x00000000d5f80000)
 ParOldGen       total 1212928K, used 1212795K [0x0000000080000000, 0x00000000ca080000, 0x00000000d5580000)
  object space 1212928K, 99% used [0x0000000080000000,0x00000000ca05ef70,0x00000000ca080000)
 Metaspace       used 103586K, committed 105408K, reserved 1179648K
  class space    used 10610K, committed 11584K, reserved 1048576K
}
Event: 10656.298 GC heap before
{Heap before GC invocations=5769 (full 7):
 PSYoungGen      total 8704K, used 8112K [0x00000000d5580000, 0x00000000d5f80000, 0x0000000100000000)
  eden space 7680K, 100% used [0x00000000d5580000,0x00000000d5d00000,0x00000000d5d00000)
  from space 1024K, 42% used [0x00000000d5d80000,0x00000000d5dec010,0x00000000d5e80000)
  to   space 1024K, 0% used [0x00000000d5e80000,0x00000000d5e80000,0x00000000d5f80000)
 ParOldGen       total 1212928K, used 1212795K [0x0000000080000000, 0x00000000ca080000, 0x00000000d5580000)
  object space 1212928K, 99% used [0x0000000080000000,0x00000000ca05ef70,0x00000000ca080000)
 Metaspace       used 103590K, committed 105408K, reserved 1179648K
  class space    used 10610K, committed 11584K, reserved 1048576K
}
Event: 10656.300 GC heap after
{Heap after GC invocations=5769 (full 7):
 PSYoungGen      total 8192K, used 1011K [0x00000000d5580000, 0x00000000d6100000, 0x0000000100000000)
  eden space 7168K, 0% used [0x00000000d5580000,0x00000000d5580000,0x00000000d5c80000)
  from space 1024K, 98% used [0x00000000d5e80000,0x00000000d5f7ced0,0x00000000d5f80000)
  to   space 2048K, 0% used [0x00000000d5c80000,0x00000000d5c80000,0x00000000d5e80000)
 ParOldGen       total 1213952K, used 1213491K [0x0000000080000000, 0x00000000ca180000, 0x00000000d5580000)
  object space 1213952K, 99% used [0x0000000080000000,0x00000000ca10cf70,0x00000000ca180000)
 Metaspace       used 103590K, committed 105408K, reserved 1179648K
  class space    used 10610K, committed 11584K, reserved 1048576K
}
Event: 10656.321 GC heap before
{Heap before GC invocations=5770 (full 7):
 PSYoungGen      total 8192K, used 8179K [0x00000000d5580000, 0x00000000d6100000, 0x0000000100000000)
  eden space 7168K, 100% used [0x00000000d5580000,0x00000000d5c80000,0x00000000d5c80000)
  from space 1024K, 98% used [0x00000000d5e80000,0x00000000d5f7ced0,0x00000000d5f80000)
  to   space 2048K, 0% used [0x00000000d5c80000,0x00000000d5c80000,0x00000000d5e80000)
 ParOldGen       total 1213952K, used 1213491K [0x0000000080000000, 0x00000000ca180000, 0x00000000d5580000)
  object space 1213952K, 99% used [0x0000000080000000,0x00000000ca10cf70,0x00000000ca180000)
 Metaspace       used 103590K, committed 105408K, reserved 1179648K
  class space    used 10610K, committed 11584K, reserved 1048576K
}
Event: 10656.323 GC heap after
{Heap after GC invocations=5770 (full 7):
 PSYoungGen      total 8192K, used 942K [0x00000000d5580000, 0x00000000d5f80000, 0x0000000100000000)
  eden space 7168K, 0% used [0x00000000d5580000,0x00000000d5580000,0x00000000d5c80000)
  from space 1024K, 92% used [0x00000000d5c80000,0x00000000d5d6b900,0x00000000d5d80000)
  to   space 1536K, 0% used [0x00000000d5e00000,0x00000000d5e00000,0x00000000d5f80000)
 ParOldGen       total 1213952K, used 1213555K [0x0000000080000000, 0x00000000ca180000, 0x00000000d5580000)
  object space 1213952K, 99% used [0x0000000080000000,0x00000000ca11cf80,0x00000000ca180000)
 Metaspace       used 103590K, committed 105408K, reserved 1179648K
  class space    used 10610K, committed 11584K, reserved 1048576K
}
Event: 10656.341 GC heap before
{Heap before GC invocations=5771 (full 7):
 PSYoungGen      total 8192K, used 8110K [0x00000000d5580000, 0x00000000d5f80000, 0x0000000100000000)
  eden space 7168K, 100% used [0x00000000d5580000,0x00000000d5c80000,0x00000000d5c80000)
  from space 1024K, 92% used [0x00000000d5c80000,0x00000000d5d6b900,0x00000000d5d80000)
  to   space 1536K, 0% used [0x00000000d5e00000,0x00000000d5e00000,0x00000000d5f80000)
 ParOldGen       total 1213952K, used 1213555K [0x0000000080000000, 0x00000000ca180000, 0x00000000d5580000)
  object space 1213952K, 99% used [0x0000000080000000,0x00000000ca11cf80,0x00000000ca180000)
 Metaspace       used 103590K, committed 105408K, reserved 1179648K
  class space    used 10610K, committed 11584K, reserved 1048576K
}
Event: 10656.346 GC heap after
{Heap after GC invocations=5771 (full 7):
 PSYoungGen      total 4096K, used 1535K [0x00000000d5580000, 0x00000000d6880000, 0x0000000100000000)
  eden space 2560K, 0% used [0x00000000d5580000,0x00000000d5580000,0x00000000d5800000)
  from space 1536K, 99% used [0x00000000d5e00000,0x00000000d5f7fe10,0x00000000d5f80000)
  to   space 6144K, 0% used [0x00000000d5800000,0x00000000d5800000,0x00000000d5e00000)
 ParOldGen       total 1217536K, used 1217162K [0x0000000080000000, 0x00000000ca500000, 0x00000000d5580000)
  object space 1217536K, 99% used [0x0000000080000000,0x00000000ca4a2880,0x00000000ca500000)
 Metaspace       used 103590K, committed 105408K, reserved 1179648K
  class space    used 10610K, committed 11584K, reserved 1048576K
}
Event: 10656.371 GC heap before
{Heap before GC invocations=5772 (full 7):
 PSYoungGen      total 4096K, used 4095K [0x00000000d5580000, 0x00000000d6880000, 0x0000000100000000)
  eden space 2560K, 100% used [0x00000000d5580000,0x00000000d5800000,0x00000000d5800000)
  from space 1536K, 99% used [0x00000000d5e00000,0x00000000d5f7fe10,0x00000000d5f80000)
  to   space 6144K, 0% used [0x00000000d5800000,0x00000000d5800000,0x00000000d5e00000)
 ParOldGen       total 1217536K, used 1217162K [0x0000000080000000, 0x00000000ca500000, 0x00000000d5580000)
  object space 1217536K, 99% used [0x0000000080000000,0x00000000ca4a2880,0x00000000ca500000)
 Metaspace       used 103590K, committed 105408K, reserved 1179648K
  class space    used 10610K, committed 11584K, reserved 1048576K
}
Event: 10656.375 GC heap after
{Heap after GC invocations=5772 (full 7):
 PSYoungGen      total 3584K, used 722K [0x00000000d5580000, 0x00000000d5e80000, 0x0000000100000000)
  eden space 2560K, 0% used [0x00000000d5580000,0x00000000d5580000,0x00000000d5800000)
  from space 1024K, 70% used [0x00000000d5800000,0x00000000d58b48c0,0x00000000d5900000)
  to   space 2560K, 0% used [0x00000000d5c00000,0x00000000d5c00000,0x00000000d5e80000)
 ParOldGen       total 1219072K, used 1218576K [0x0000000080000000, 0x00000000ca680000, 0x00000000d5580000)
  object space 1219072K, 99% used [0x0000000080000000,0x00000000ca604328,0x00000000ca680000)
 Metaspace       used 103590K, committed 105408K, reserved 1179648K
  class space    used 10610K, committed 11584K, reserved 1048576K
}
Event: 10656.386 GC heap before
{Heap before GC invocations=5773 (full 7):
 PSYoungGen      total 3584K, used 3282K [0x00000000d5580000, 0x00000000d5e80000, 0x0000000100000000)
  eden space 2560K, 100% used [0x00000000d5580000,0x00000000d5800000,0x00000000d5800000)
  from space 1024K, 70% used [0x00000000d5800000,0x00000000d58b48c0,0x00000000d5900000)
  to   space 2560K, 0% used [0x00000000d5c00000,0x00000000d5c00000,0x00000000d5e80000)
 ParOldGen       total 1219072K, used 1218576K [0x0000000080000000, 0x00000000ca680000, 0x00000000d5580000)
  object space 1219072K, 99% used [0x0000000080000000,0x00000000ca604328,0x00000000ca680000)
 Metaspace       used 103598K, committed 105408K, reserved 1179648K
  class space    used 10610K, committed 11584K, reserved 1048576K
}
Event: 10656.389 GC heap after
{Heap after GC invocations=5773 (full 7):
 PSYoungGen      total 3072K, used 128K [0x00000000d5580000, 0x00000000d5c80000, 0x0000000100000000)
  eden space 2560K, 0% used [0x00000000d5580000,0x00000000d5580000,0x00000000d5800000)
  from space 512K, 25% used [0x00000000d5c00000,0x00000000d5c20000,0x00000000d5c80000)
  to   space 1024K, 0% used [0x00000000d5a80000,0x00000000d5a80000,0x00000000d5b80000)
 ParOldGen       total 1219072K, used 1218616K [0x0000000080000000, 0x00000000ca680000, 0x00000000d5580000)
  object space 1219072K, 99% used [0x0000000080000000,0x00000000ca60e328,0x00000000ca680000)
 Metaspace       used 103598K, committed 105408K, reserved 1179648K
  class space    used 10610K, committed 11584K, reserved 1048576K
}

