<?xml version="1.0" encoding="UTF-8"?>
<testsuite xmlns:xsi="http://www.w3.org/2001/XMLSchema-instance" xsi:noNamespaceSchemaLocation="https://maven.apache.org/surefire/maven-surefire-plugin/xsd/surefire-test-report.xsd" version="3.0.2" name="br.com.franco.MethodOrdenNameTest" time="0.004" tests="4" errors="0" skipped="0" failures="0">
  <properties>
[...]
</properties>
  <testcase name="testA" classname="br.com.franco.MethodOrdenNameTest" time="0.001">
    <system-out><![CDATA[Rodando teste A
]]></system-out>
  </testcase>
  <testcase name="testB" classname="br.com.franco.MethodOrdenNameTest" time="0.001">
    <system-out><![CDATA[Rodando teste B
]]></system-out>
  </testcase>
  <testcase name="testC" classname="br.com.franco.MethodOrdenNameTest" time="0.001">
    <system-out><![CDATA[Rodando teste C
]]></system-out>
  </testcase>
  <testcase name="testD" classname="br.com.franco.MethodOrdenNameTest" time="0.001">
    <system-out><![CDATA[Rodando teste D
]]></system-out>
  </testcase>
</testsuite>